{"/home/denis/projects/docker-practice/dockerised-express/src/utils/index.js": {"path":"/home/denis/projects/docker-practice/dockerised-express/src/utils/index.js","statementMap":{"0":{"start":{"line":2,"column":2},"end":{"line":2,"column":29}},"1":{"start":{"line":5,"column":0},"end":{"line":5,"column":28}}},"fnMap":{"0":{"name":"powOfTwo","decl":{"start":{"line":1,"column":9},"end":{"line":1,"column":17}},"loc":{"start":{"line":1,"column":26},"end":{"line":3,"column":1}},"line":1}},"branchMap":{},"s":{"0":3,"1":1},"f":{"0":3},"b":{},"_coverageSchema":"43e27e138ebf9cfc5966b082cf9a028302ed4184","hash":"edd17670594102aa9b20d3ea7d0c02cd56e818a3"}
}
